#-----------------------------------------------------------
# Vivado v2018.2 (64-bit)
# SW Build 2258646 on Thu Jun 14 20:03:12 MDT 2018
# IP Build 2256618 on Thu Jun 14 22:10:49 MDT 2018
# Start of session at: Tue Apr 23 15:39:50 2019
# Process ID: 1468
# Current directory: D:/Temp/MIPSrun2
# Command line: vivado.exe -gui_launcher_event rodinguilauncherevent7988 D:\Temp\MIPSrun2\MIPSrun2.xpr
# Log file: D:/Temp/MIPSrun2/vivado.log
# Journal file: D:/Temp/MIPSrun2\vivado.jou
#-----------------------------------------------------------
start_gui
open_project D:/Temp/MIPSrun2/MIPSrun2.xpr
Scanning sources...
Finished scanning sources
INFO: [IP_Flow 19-234] Refreshing IP repositories
INFO: [IP_Flow 19-1704] No user IP repositories specified
INFO: [IP_Flow 19-2313] Loaded Vivado IP repository 'D:/Xilinx/Vivado/2018.2/data/ip'.
update_compile_order -fileset sources_1
exit
INFO: [Common 17-206] Exiting Vivado at Tue Apr 23 15:47:33 2019...
