#-----------------------------------------------------------
# Vivado v2018.2 (64-bit)
# SW Build 2258646 on Thu Jun 14 20:03:12 MDT 2018
# IP Build 2256618 on Thu Jun 14 22:10:49 MDT 2018
# Start of session at: Fri May  3 21:37:11 2019
# Process ID: 13644
# Current directory: C:/Users/15014/Pictures/素材/背景/Desktop/160400509张锐/计算机体系结构实验/MIPSrun2
# Command line: vivado.exe -gui_launcher_event rodinguilauncherevent12080 C:\Users\15014\Pictures\素材\背景\Desktop\160400509张锐\计算机体系结构实验\MIPSrun2\MIPSrun2.xpr
# Log file: C:/Users/15014/Pictures/素材/背景/Desktop/160400509张锐/计算机体系结构实验/MIPSrun2/vivado.log
# Journal file: C:/Users/15014/Pictures/素材/背景/Desktop/160400509张锐/计算机体系结构实验/MIPSrun2\vivado.jou
#-----------------------------------------------------------
start_gui
open_project C:/Users/15014/Pictures/素材/背景/Desktop/160400509张锐/计算机体系结构实验/MIPSrun2/MIPSrun2.xpr
INFO: [ProjectBase 1-489] The host OS only allows 260 characters in a normal path. The project is stored in a path with more than 80 characters. If you experience issues with IP, Block Designs, or files not being found, please consider moving the project to a location with a shorter path. Alternately consider using the OS subst command to map part of the path to a drive letter.
Current project path is 'C:/Users/15014/Pictures/素材/背景/Desktop/160400509张锐/计算机体系结构实验/MIPSrun2'
INFO: [Project 1-313] Project file moved from 'D:/Temp/MIPSrun2' since last save.
WARNING: [Project 1-312] File not found as 'C:/Users/15014/Pictures/素材/背景/Desktop/160400509张锐/计算机体系结构实验/MIPS/cputest_behav.wcfg'; using path 'D:/Temp/MIPS/cputest_behav.wcfg' instead.
Scanning sources...
Finished scanning sources
INFO: [IP_Flow 19-234] Refreshing IP repositories
INFO: [IP_Flow 19-1704] No user IP repositories specified
INFO: [Common 17-41] Interrupt caught. Command should exit soon.
INFO: [IP_Flow 19-2313] Loaded Vivado IP repository 'D:/Xilinx/Vivado/2018.2/data/ip'.
INFO: [IP_Flow 19-2338] Canceling the changes to the IP catalog. Reverting the catalog back to its previous state.
INFO: [IP_Flow 19-2340] The IP catalog has been returned to its previous state.
INFO: [Common 17-344] 'open_project' was cancelled
exit
INFO: [Common 17-206] Exiting Vivado at Fri May  3 21:37:38 2019...
